c:\users\corvo\documents\visual studio 2015\projects\engine dev\collision\x64\debug\day1.pch
c:\users\corvo\documents\visual studio 2015\projects\engine dev\collision\x64\debug\vc140.pdb
c:\users\corvo\documents\visual studio 2015\projects\engine dev\collision\x64\debug\vc140.idb
c:\users\corvo\documents\visual studio 2015\projects\engine dev\collision\x64\debug\stdafx.obj
c:\users\corvo\documents\visual studio 2015\projects\engine dev\collision\x64\debug\bvh.obj
c:\users\corvo\documents\visual studio 2015\projects\engine dev\collision\x64\debug\day1.obj
c:\users\corvo\documents\visual studio 2015\projects\engine dev\collision\x64\debug\debugrenderer.obj
c:\users\corvo\documents\visual studio 2015\projects\engine dev\collision\x64\debug\enginemath.obj
c:\users\corvo\documents\visual studio 2015\projects\engine dev\collision\pixelshader.csh
c:\users\corvo\documents\visual studio 2015\projects\engine dev\collision\vertexshader.csh
c:\users\corvo\documents\visual studio 2015\projects\engine dev\collision\x64\debug\pixelshader.cso
c:\users\corvo\documents\visual studio 2015\projects\engine dev\collision\x64\debug\vertexshader.cso
c:\users\corvo\documents\visual studio 2015\projects\engine dev\collision\x64\debug\day1.exe
c:\users\corvo\documents\visual studio 2015\projects\engine dev\collision\x64\debug\day1.pdb
c:\users\corvo\documents\visual studio 2015\projects\engine dev\collision\x64\debug\day1.res
c:\users\corvo\documents\visual studio 2015\projects\engine dev\collision\x64\debug\day1.vcxprojresolveassemblyreference.cache
c:\users\corvo\documents\visual studio 2015\projects\engine dev\collision\x64\debug\fbxdll.ilk
c:\users\corvo\documents\visual studio 2015\projects\engine dev\collision\x64\debug\fbxdll.exp
c:\users\corvo\documents\visual studio 2015\projects\engine dev\collision\x64\debug\fbxdll.pdb
c:\users\corvo\documents\visual studio 2015\projects\engine dev\collision\x64\debug\day1.tlog\cl.command.1.tlog
c:\users\corvo\documents\visual studio 2015\projects\engine dev\collision\x64\debug\day1.tlog\cl.read.1.tlog
c:\users\corvo\documents\visual studio 2015\projects\engine dev\collision\x64\debug\day1.tlog\cl.write.1.tlog
c:\users\corvo\documents\visual studio 2015\projects\engine dev\collision\x64\debug\day1.tlog\day1.write.1u.tlog
c:\users\corvo\documents\visual studio 2015\projects\engine dev\collision\x64\debug\day1.tlog\fxc.command.1.tlog
c:\users\corvo\documents\visual studio 2015\projects\engine dev\collision\x64\debug\day1.tlog\fxc.read.1.tlog
c:\users\corvo\documents\visual studio 2015\projects\engine dev\collision\x64\debug\day1.tlog\fxc.write.1.tlog
c:\users\corvo\documents\visual studio 2015\projects\engine dev\collision\x64\debug\day1.tlog\link.command.1.tlog
c:\users\corvo\documents\visual studio 2015\projects\engine dev\collision\x64\debug\day1.tlog\link.read.1.tlog
c:\users\corvo\documents\visual studio 2015\projects\engine dev\collision\x64\debug\day1.tlog\link.write.1.tlog
c:\users\corvo\documents\visual studio 2015\projects\engine dev\collision\x64\debug\day1.tlog\rc.command.1.tlog
c:\users\corvo\documents\visual studio 2015\projects\engine dev\collision\x64\debug\day1.tlog\rc.read.1.tlog
c:\users\corvo\documents\visual studio 2015\projects\engine dev\collision\x64\debug\day1.tlog\rc.write.1.tlog
